# JRE version: OpenJDK Runtime Environment (17.0.11) (build 17.0.11+0--11852314)
# Java VM: OpenJDK 64-Bit Server VM (17.0.11+0--11852314, mixed mode, tiered, compressed oops, compressed class ptrs, g1 gc, windows-amd64)
GC Precious Log:
 CPUs: 8 total, 8 available
 Memory: 7914M
 Large Page Support: Disabled
 NUMA Support: Disabled
 Compressed Oops: Enabled (32-bit)
 Heap Region Size: 1M
 Heap Min Capacity: 8M
 Heap Initial Capacity: 124M
 Heap Max Capacity: 1980M
 Pre-touch: Disabled
 Parallel Workers: 8
 Concurrent Workers: 2
 Concurrent Refinement Workers: 8
 Periodic GC: Disabled
Heap:
 garbage-first heap   total 165888K, used 96062K [0x0000000084400000, 0x0000000100000000)
  region size 1024K, 1 young (1024K), 1 survivors (1024K)
 Metaspace       used 72004K, committed 72320K, reserved 1114112K
  class space    used 7973K, committed 8128K, reserved 1048576K
GC Heap History (20 events):
Event: 21.433 GC heap after
{Heap after GC invocations=29 (full 0):
 garbage-first heap   total 110592K, used 60416K [0x0000000084400000, 0x0000000100000000)
  region size 1024K, 4 young (4096K), 4 survivors (4096K)
 Metaspace       used 57165K, committed 57472K, reserved 1114112K
  class space    used 6678K, committed 6784K, reserved 1048576K
}
Event: 22.454 GC heap before
{Heap before GC invocations=30 (full 0):
 garbage-first heap   total 110592K, used 84992K [0x0000000084400000, 0x0000000100000000)
  region size 1024K, 28 young (28672K), 4 survivors (4096K)
 Metaspace       used 57491K, committed 57856K, reserved 1114112K
  class space    used 6691K, committed 6848K, reserved 1048576K
}
Event: 22.491 GC heap after
{Heap after GC invocations=31 (full 0):
 garbage-first heap   total 110592K, used 66560K [0x0000000084400000, 0x0000000100000000)
  region size 1024K, 4 young (4096K), 4 survivors (4096K)
 Metaspace       used 57491K, committed 57856K, reserved 1114112K
  class space    used 6691K, committed 6848K, reserved 1048576K
}
Event: 23.752 GC heap before
{Heap before GC invocations=31 (full 0):
 garbage-first heap   total 110592K, used 86016K [0x0000000084400000, 0x0000000100000000)
  region size 1024K, 24 young (24576K), 4 survivors (4096K)
 Metaspace       used 60101K, committed 60352K, reserved 1114112K
  class space    used 6950K, committed 7040K, reserved 1048576K
}
Event: 23.797 GC heap after
{Heap after GC invocations=32 (full 0):
 garbage-first heap   total 110592K, used 69947K [0x0000000084400000, 0x0000000100000000)
  region size 1024K, 3 young (3072K), 3 survivors (3072K)
 Metaspace       used 60101K, committed 60352K, reserved 1114112K
  class space    used 6950K, committed 7040K, reserved 1048576K
}
Event: 24.808 GC heap before
{Heap before GC invocations=33 (full 0):
 garbage-first heap   total 117760K, used 86331K [0x0000000084400000, 0x0000000100000000)
  region size 1024K, 20 young (20480K), 3 survivors (3072K)
 Metaspace       used 61010K, committed 61312K, reserved 1114112K
  class space    used 7034K, committed 7168K, reserved 1048576K
}
Event: 24.835 GC heap after
{Heap after GC invocations=34 (full 0):
 garbage-first heap   total 117760K, used 71101K [0x0000000084400000, 0x0000000100000000)
  region size 1024K, 2 young (2048K), 2 survivors (2048K)
 Metaspace       used 61010K, committed 61312K, reserved 1114112K
  class space    used 7034K, committed 7168K, reserved 1048576K
}
Event: 25.108 GC heap before
{Heap before GC invocations=34 (full 0):
 garbage-first heap   total 117760K, used 74173K [0x0000000084400000, 0x0000000100000000)
  region size 1024K, 5 young (5120K), 2 survivors (2048K)
 Metaspace       used 61116K, committed 61440K, reserved 1114112K
  class space    used 7035K, committed 7168K, reserved 1048576K
}
Event: 25.126 GC heap after
{Heap after GC invocations=35 (full 0):
 garbage-first heap   total 149504K, used 71274K [0x0000000084400000, 0x0000000100000000)
  region size 1024K, 1 young (1024K), 1 survivors (1024K)
 Metaspace       used 61116K, committed 61440K, reserved 1114112K
  class space    used 7035K, committed 7168K, reserved 1048576K
}
Event: 27.095 GC heap before
{Heap before GC invocations=35 (full 0):
 garbage-first heap   total 149504K, used 114282K [0x0000000084400000, 0x0000000100000000)
  region size 1024K, 43 young (44032K), 1 survivors (1024K)
 Metaspace       used 62013K, committed 62336K, reserved 1114112K
  class space    used 7095K, committed 7232K, reserved 1048576K
}
Event: 27.133 GC heap after
{Heap after GC invocations=36 (full 0):
 garbage-first heap   total 149504K, used 83102K [0x0000000084400000, 0x0000000100000000)
  region size 1024K, 6 young (6144K), 6 survivors (6144K)
 Metaspace       used 62013K, committed 62336K, reserved 1114112K
  class space    used 7095K, committed 7232K, reserved 1048576K
}
Event: 28.851 GC heap before
{Heap before GC invocations=37 (full 0):
 garbage-first heap   total 149504K, used 114846K [0x0000000084400000, 0x0000000100000000)
  region size 1024K, 37 young (37888K), 6 survivors (6144K)
 Metaspace       used 64337K, committed 64640K, reserved 1114112K
  class space    used 7309K, committed 7424K, reserved 1048576K
}
Event: 28.891 GC heap after
{Heap after GC invocations=38 (full 0):
 garbage-first heap   total 149504K, used 89421K [0x0000000084400000, 0x0000000100000000)
  region size 1024K, 5 young (5120K), 5 survivors (5120K)
 Metaspace       used 64337K, committed 64640K, reserved 1114112K
  class space    used 7309K, committed 7424K, reserved 1048576K
}
Event: 28.987 GC heap before
{Heap before GC invocations=38 (full 0):
 garbage-first heap   total 149504K, used 90445K [0x0000000084400000, 0x0000000100000000)
  region size 1024K, 7 young (7168K), 5 survivors (5120K)
 Metaspace       used 64825K, committed 65152K, reserved 1114112K
  class space    used 7352K, committed 7488K, reserved 1048576K
}
Event: 29.014 GC heap after
{Heap after GC invocations=39 (full 0):
 garbage-first heap   total 149504K, used 89940K [0x0000000084400000, 0x0000000100000000)
  region size 1024K, 1 young (1024K), 1 survivors (1024K)
 Metaspace       used 64825K, committed 65152K, reserved 1114112K
  class space    used 7352K, committed 7488K, reserved 1048576K
}
Event: 30.622 GC heap before
{Heap before GC invocations=39 (full 0):
 garbage-first heap   total 149504K, used 117588K [0x0000000084400000, 0x0000000100000000)
  region size 1024K, 29 young (29696K), 1 survivors (1024K)
 Metaspace       used 69387K, committed 69760K, reserved 1114112K
  class space    used 7793K, committed 7936K, reserved 1048576K
}
Event: 30.639 GC heap after
{Heap after GC invocations=40 (full 0):
 garbage-first heap   total 149504K, used 92796K [0x0000000084400000, 0x0000000100000000)
  region size 1024K, 4 young (4096K), 4 survivors (4096K)
 Metaspace       used 69387K, committed 69760K, reserved 1114112K
  class space    used 7793K, committed 7936K, reserved 1048576K
}
Event: 32.284 GC heap before
{Heap before GC invocations=41 (full 0):
 garbage-first heap   total 165888K, used 119420K [0x0000000084400000, 0x0000000100000000)
  region size 1024K, 30 young (30720K), 4 survivors (4096K)
 Metaspace       used 71380K, committed 71744K, reserved 1114112K
  class space    used 7918K, committed 8064K, reserved 1048576K
}
Event: 32.316 GC heap after
{Heap after GC invocations=42 (full 0):
 garbage-first heap   total 165888K, used 96067K [0x0000000084400000, 0x0000000100000000)
  region size 1024K, 4 young (4096K), 4 survivors (4096K)
 Metaspace       used 71380K, committed 71744K, reserved 1114112K
  class space    used 7918K, committed 8064K, reserved 1048576K
}
Event: 32.497 GC heap before
{Heap before GC invocations=42 (full 0):
 garbage-first heap   total 165888K, used 99139K [0x0000000084400000, 0x0000000100000000)
  region size 1024K, 8 young (8192K), 4 survivors (4096K)
 Metaspace       used 72004K, committed 72320K, reserved 1114112K
  class space    used 7973K, committed 8128K, reserved 1048576K
}

